0 info it worked if it ends with ok
1 verbose cli [ '/usr/local/bin/node', '/usr/local/bin/npm', 'run', 'example' ]
2 info using npm@3.10.10
3 info using node@v6.10.0
4 verbose run-script [ 'preexample', 'example', 'postexample' ]
5 info lifecycle adminr@0.0.1~preexample: adminr@0.0.1
6 silly lifecycle adminr@0.0.1~preexample: no script for preexample, continuing
7 info lifecycle adminr@0.0.1~example: adminr@0.0.1
8 verbose lifecycle adminr@0.0.1~example: unsafe-perm in lifecycle true
9 verbose lifecycle adminr@0.0.1~example: PATH: /usr/local/lib/node_modules/npm/bin/node-gyp-bin:/Users/jakubknejzlik/Projects/github/admin-as-service/node_modules/.bin:/Users/jakubknejzlik/.rvm/gems/ruby-2.4.0/bin:/Users/jakubknejzlik/.rvm/gems/ruby-2.4.0@global/bin:/Users/jakubknejzlik/.rvm/rubies/ruby-2.4.0/bin:/Users/jakubknejzlik/.fastlane/bin:/usr/local/bin:/usr/bin:/bin:/usr/sbin:/sbin:/Users/jakubknejzlik/go/bin:/usr/local/opt/go/libexec/bin:/Users/jakubknejzlik/.rvm/bin
10 verbose lifecycle adminr@0.0.1~example: CWD: /Users/jakubknejzlik/Projects/github/admin-as-service
11 silly lifecycle adminr@0.0.1~example: Args: [ '-c', 'CONFIG_FILE=example/simple.config.yml node index.js' ]
12 silly lifecycle adminr@0.0.1~example: Returned: code: 1  signal: null
13 info lifecycle adminr@0.0.1~example: Failed to exec example script
14 verbose stack Error: adminr@0.0.1 example: `CONFIG_FILE=example/simple.config.yml node index.js`
14 verbose stack Exit status 1
14 verbose stack     at EventEmitter.<anonymous> (/usr/local/lib/node_modules/npm/lib/utils/lifecycle.js:255:16)
14 verbose stack     at emitTwo (events.js:106:13)
14 verbose stack     at EventEmitter.emit (events.js:191:7)
14 verbose stack     at ChildProcess.<anonymous> (/usr/local/lib/node_modules/npm/lib/utils/spawn.js:40:14)
14 verbose stack     at emitTwo (events.js:106:13)
14 verbose stack     at ChildProcess.emit (events.js:191:7)
14 verbose stack     at maybeClose (internal/child_process.js:877:16)
14 verbose stack     at Process.ChildProcess._handle.onexit (internal/child_process.js:226:5)
15 verbose pkgid adminr@0.0.1
16 verbose cwd /Users/jakubknejzlik/Projects/github/admin-as-service
17 error Darwin 16.7.0
18 error argv "/usr/local/bin/node" "/usr/local/bin/npm" "run" "example"
19 error node v6.10.0
20 error npm  v3.10.10
21 error code ELIFECYCLE
22 error adminr@0.0.1 example: `CONFIG_FILE=example/simple.config.yml node index.js`
22 error Exit status 1
23 error Failed at the adminr@0.0.1 example script 'CONFIG_FILE=example/simple.config.yml node index.js'.
23 error Make sure you have the latest version of node.js and npm installed.
23 error If you do, this is most likely a problem with the adminr package,
23 error not with npm itself.
23 error Tell the author that this fails on your system:
23 error     CONFIG_FILE=example/simple.config.yml node index.js
23 error You can get information on how to open an issue for this project with:
23 error     npm bugs adminr
23 error Or if that isn't available, you can get their info via:
23 error     npm owner ls adminr
23 error There is likely additional logging output above.
24 verbose exit [ 1, true ]
